<?xml version="1.0" encoding="UTF-8"?>
<!-- Generated by org.testng.reporters.JUnitReportReporter -->
<testsuite hostname="Sandeep" failures="0" tests="7" name="com.runners.TestNgRunnerCucumber7" time="232.452" errors="0" timestamp="2025-04-19T11:02:25 IST" skipped="1">
  <testcase classname="com.runners.TestNgRunnerCucumber7" name="runScenario" time="35.091"/>
  <testcase classname="com.runners.TestNgRunnerCucumber7" name="runScenario" time="33.591"/>
  <testcase classname="com.runners.TestNgRunnerCucumber7" name="runScenario" time="29.402"/>
  <testcase classname="com.runners.TestNgRunnerCucumber7" name="runScenario" time="30.932"/>
  <testcase classname="com.runners.TestNgRunnerCucumber7" name="runScenario" time="35.840"/>
  <testcase classname="com.runners.TestNgRunnerCucumber7" name="runScenario" time="22.455">
    <skipped/>
  </testcase> <!-- runScenario -->
  <testcase classname="com.runners.TestNgRunnerCucumber7" name="runScenario" time="45.141"/>
</testsuite> <!-- com.runners.TestNgRunnerCucumber7 -->
