<?xml version="1.0" encoding="UTF-8"?>
<!-- Generated by org.testng.reporters.JUnitReportReporter -->
<testsuite hostname="Sandeep" failures="0" tests="7" name="com.runners.TestNgRunnerCucumber7" time="112.558" errors="0" timestamp="2025-04-19T11:27:04 IST" skipped="1">
  <testcase classname="com.runners.TestNgRunnerCucumber7" name="runScenario" time="15.069"/>
  <testcase classname="com.runners.TestNgRunnerCucumber7" name="runScenario" time="15.116"/>
  <testcase classname="com.runners.TestNgRunnerCucumber7" name="runScenario" time="18.737"/>
  <testcase classname="com.runners.TestNgRunnerCucumber7" name="runScenario" time="18.768"/>
  <testcase classname="com.runners.TestNgRunnerCucumber7" name="runScenario" time="15.121"/>
  <testcase classname="com.runners.TestNgRunnerCucumber7" name="runScenario" time="11.022">
    <skipped/>
  </testcase> <!-- runScenario -->
  <testcase classname="com.runners.TestNgRunnerCucumber7" name="runScenario" time="18.725"/>
</testsuite> <!-- com.runners.TestNgRunnerCucumber7 -->
