<?xml version="1.0" encoding="UTF-8"?>
<!-- Generated by org.testng.reporters.JUnitReportReporter -->
<testsuite hostname="Sandeep" failures="0" tests="7" name="parallel.ParallelRun" time="79.771" errors="0" timestamp="2024-07-04T16:47:31 IST" skipped="0">
  <testcase classname="parallel.ParallelRun" name="runScenario" time="9.956"/>
  <testcase classname="parallel.ParallelRun" name="runScenario" time="10.544"/>
  <testcase classname="parallel.ParallelRun" name="runScenario" time="10.034"/>
  <testcase classname="parallel.ParallelRun" name="runScenario" time="10.740"/>
  <testcase classname="parallel.ParallelRun" name="runScenario" time="13.335"/>
  <testcase classname="parallel.ParallelRun" name="runScenario" time="13.397"/>
  <testcase classname="parallel.ParallelRun" name="runScenario" time="11.765"/>
</testsuite> <!-- parallel.ParallelRun -->
