<?xml version="1.0" encoding="UTF-8"?>
<!-- Generated by org.testng.reporters.JUnitReportReporter -->
<testsuite hostname="Sandeep" failures="0" tests="7" name="com.runners.TestNgRunnerCucumber7" time="88.062" errors="0" timestamp="2024-08-28T21:08:53 IST" skipped="1">
  <testcase classname="com.runners.TestNgRunnerCucumber7" name="runScenario" time="4.266">
    <skipped/>
  </testcase> <!-- runScenario -->
  <testcase classname="com.runners.TestNgRunnerCucumber7" name="runScenario" time="16.690"/>
  <testcase classname="com.runners.TestNgRunnerCucumber7" name="runScenario" time="12.631"/>
  <testcase classname="com.runners.TestNgRunnerCucumber7" name="runScenario" time="12.174"/>
  <testcase classname="com.runners.TestNgRunnerCucumber7" name="runScenario" time="9.199"/>
  <testcase classname="com.runners.TestNgRunnerCucumber7" name="runScenario" time="14.243"/>
  <testcase classname="com.runners.TestNgRunnerCucumber7" name="runScenario" time="18.859"/>
</testsuite> <!-- com.runners.TestNgRunnerCucumber7 -->
