<?xml version="1.0" encoding="UTF-8"?>
<!-- Generated by org.testng.reporters.JUnitReportReporter -->
<testsuite hostname="Sandeep" failures="0" tests="7" name="com.runners.TestNgRunnerCucumber7" time="71.303" errors="0" timestamp="2025-04-19T11:29:56 IST" skipped="1">
  <testcase classname="com.runners.TestNgRunnerCucumber7" name="runScenario" time="5.556"/>
  <testcase classname="com.runners.TestNgRunnerCucumber7" name="runScenario" time="11.183"/>
  <testcase classname="com.runners.TestNgRunnerCucumber7" name="runScenario" time="13.501"/>
  <testcase classname="com.runners.TestNgRunnerCucumber7" name="runScenario" time="11.220"/>
  <testcase classname="com.runners.TestNgRunnerCucumber7" name="runScenario" time="8.196"/>
  <testcase classname="com.runners.TestNgRunnerCucumber7" name="runScenario" time="16.355"/>
  <testcase classname="com.runners.TestNgRunnerCucumber7" name="runScenario" time="5.292">
    <skipped/>
  </testcase> <!-- runScenario -->
</testsuite> <!-- com.runners.TestNgRunnerCucumber7 -->
