<?xml version="1.0" encoding="UTF-8"?>
<!-- Generated by org.testng.reporters.JUnitReportReporter -->
<testsuite hostname="Sandeep" failures="0" tests="7" name="com.runners.TestNgRunnerCucumber7" time="87.770" errors="0" timestamp="2024-10-08T16:04:24 IST" skipped="1">
  <testcase classname="com.runners.TestNgRunnerCucumber7" name="runScenario" time="19.583"/>
  <testcase classname="com.runners.TestNgRunnerCucumber7" name="runScenario" time="9.963"/>
  <testcase classname="com.runners.TestNgRunnerCucumber7" name="runScenario" time="4.675">
    <skipped/>
  </testcase> <!-- runScenario -->
  <testcase classname="com.runners.TestNgRunnerCucumber7" name="runScenario" time="15.681"/>
  <testcase classname="com.runners.TestNgRunnerCucumber7" name="runScenario" time="12.432"/>
  <testcase classname="com.runners.TestNgRunnerCucumber7" name="runScenario" time="13.215"/>
  <testcase classname="com.runners.TestNgRunnerCucumber7" name="runScenario" time="12.221"/>
</testsuite> <!-- com.runners.TestNgRunnerCucumber7 -->
